<?xml version="1.0" encoding="UTF-8"?>
<!-- Generated by org.testng.reporters.JUnitXMLReporter -->
<testsuite hostname="D-113064882" ignored="0" name="Default test" tests="5" failures="0" timestamp="20 Feb 2018 04:46:39 GMT" time="159.902" errors="0">
  <testcase name="registration" time="2.622" classname="com.wipro.testcaes.RegAndAddToCartTcase"/>
  <testcase name="addReviewOnViewedProduct" time="16.522" classname="com.wipro.testcaes.RegAndAddToCartTcase"/>
  <testcase name="addReviewOnViewedProduct" time="64.425" classname="com.wipro.testcaes.RegAndAddToCartTcase"/>
  <testcase name="addToWishlist" time="2.214" classname="com.wipro.testcaes.RegAndAddToCartTcase"/>
  <testcase name="addToCart" time="60.2" classname="com.wipro.testcaes.RegAndAddToCartTcase"/>
</testsuite> <!-- Default test -->
